Unity Editor version:    6000.3.16f1 (a56f230f6470)
Branch:                  6000.3/staging
Build type:              Release
Batch mode:              YES
macOS version:           Version 15.5 (Build 24F74)
Darwin version:          24.5.0
Architecture:            arm64
Running under Rosetta:   NO
Available memory:        8192 MB
Date:                    2026-06-23T18:27:28Z
[Licensing::Module] Trying to connect to existing licensing client channel...
[Licensing::IpcConnector] Successfully connected to: "LicenseClient-jazmindossantos" at "2026-06-23T18:27:28.707541Z"
Launching external process: /Applications/Unity/Hub/Editor/6000.3.16f1/Unity.app/Contents/Resources/PackageManager/Server/UnityPackageManager

COMMAND LINE ARGUMENTS:
/Applications/Unity/Hub/Editor/6000.3.16f1/Unity.app/Contents/MacOS/Unity
-batchmode
-quit
-projectPath
/Users/jazmindossantos/delivery_express_videojuegos_nfyfp
-executeMethod
DeliveryExpress.AyudanteConfiguracionEscena.SetupNewStreetAndSidewalk
-logFile
compile.log
Successfully changed project path to: /Users/jazmindossantos/delivery_express_videojuegos_nfyfp
/Users/jazmindossantos/delivery_express_videojuegos_nfyfp
[Package Manager] Server process was shutdown
